0 info it worked if it ends with ok
1 verbose cli [ 'C:\\Program Files\\nodejs\\node.exe',
1 verbose cli   'C:\\Program Files\\nodejs\\node_modules\\npm\\bin\\npm-cli.js',
1 verbose cli   'install' ]
2 info using npm@2.15.8
3 info using node@v4.4.7
4 verbose readDependencies loading dependencies from C:\Users\User\Documents\GitHub\screeps-spore\package.json
5 verbose install where, deps [ 'C:\\Users\\User\\Documents\\GitHub\\screeps-spore',
5 verbose install   [ 'grunt',
5 verbose install     'grunt-screeps',
5 verbose install     'grunt-ts-clean',
5 verbose install     'grunt-contrib-copy',
5 verbose install     'grunt-browserify',
5 verbose install     'browserify',
5 verbose install     'webpack',
5 verbose install     'grunt-webpack',
5 verbose install     'typescript',
5 verbose install     'screeps-typescript-declarations' ] ]
6 verbose install where, peers [ 'C:\\Users\\User\\Documents\\GitHub\\screeps-spore', [] ]
7 verbose installManyTop reading for lifecycle C:\Users\User\Documents\GitHub\screeps-spore\package.json
8 info preinstall spore@0.0.1
9 verbose installManyTop reading scoped package data from C:\Users\User\Documents\GitHub\screeps-spore\node_modules\browserify\package.json
10 verbose installManyTop reading scoped package data from C:\Users\User\Documents\GitHub\screeps-spore\node_modules\grunt\package.json
11 verbose installManyTop reading scoped package data from C:\Users\User\Documents\GitHub\screeps-spore\node_modules\grunt-browserify\package.json
12 verbose installManyTop reading scoped package data from C:\Users\User\Documents\GitHub\screeps-spore\node_modules\grunt-contrib-copy\package.json
13 verbose installManyTop reading scoped package data from C:\Users\User\Documents\GitHub\screeps-spore\node_modules\grunt-screeps\package.json
14 verbose installManyTop reading scoped package data from C:\Users\User\Documents\GitHub\screeps-spore\node_modules\grunt-ts-clean\package.json
15 verbose installManyTop reading scoped package data from C:\Users\User\Documents\GitHub\screeps-spore\node_modules\grunt-webpack\package.json
16 verbose installManyTop reading scoped package data from C:\Users\User\Documents\GitHub\screeps-spore\node_modules\screeps-typescript-declarations\package.json
17 verbose installManyTop reading scoped package data from C:\Users\User\Documents\GitHub\screeps-spore\node_modules\typescript\package.json
18 verbose installManyTop reading scoped package data from C:\Users\User\Documents\GitHub\screeps-spore\node_modules\webpack\package.json
19 verbose installManyTop reading scoped package data from C:\Users\User\Documents\GitHub\screeps-spore\node_modules\webpack-dev-server\package.json
20 info package.json webpack-dev-server@1.16.1 No README data
21 info package.json grunt-browserify@5.0.0 No license field.
22 info package.json grunt-ts-clean@0.2.0 No license field.
23 info package.json screeps-typescript-declarations@4.2.0 No repository field.
24 verbose readDependencies loading dependencies from C:\Users\User\Documents\GitHub\screeps-spore\package.json
25 verbose targetResolver reading package data from C:\Users\User\Documents\GitHub\screeps-spore\node_modules\browserify\package.json
26 verbose targetResolver reading package data from C:\Users\User\Documents\GitHub\screeps-spore\node_modules\grunt\package.json
27 verbose targetResolver reading package data from C:\Users\User\Documents\GitHub\screeps-spore\node_modules\grunt-browserify\package.json
28 verbose targetResolver reading package data from C:\Users\User\Documents\GitHub\screeps-spore\node_modules\grunt-contrib-copy\package.json
29 verbose targetResolver reading package data from C:\Users\User\Documents\GitHub\screeps-spore\node_modules\grunt-screeps\package.json
30 verbose targetResolver reading package data from C:\Users\User\Documents\GitHub\screeps-spore\node_modules\grunt-ts-clean\package.json
31 verbose targetResolver reading package data from C:\Users\User\Documents\GitHub\screeps-spore\node_modules\grunt-webpack\package.json
32 verbose targetResolver reading package data from C:\Users\User\Documents\GitHub\screeps-spore\node_modules\screeps-typescript-declarations\package.json
33 verbose targetResolver reading package data from C:\Users\User\Documents\GitHub\screeps-spore\node_modules\typescript\package.json
34 verbose targetResolver reading package data from C:\Users\User\Documents\GitHub\screeps-spore\node_modules\webpack\package.json
35 verbose targetResolver reading package data from C:\Users\User\Documents\GitHub\screeps-spore\node_modules\webpack-dev-server\package.json
36 verbose targetResolver reading package data from C:\Users\User\Documents\GitHub\screeps-spore\node_modules\.bin\browserify\package.json
37 verbose targetResolver reading package data from C:\Users\User\Documents\GitHub\screeps-spore\node_modules\.bin\browserify.cmd\package.json
38 verbose targetResolver reading package data from C:\Users\User\Documents\GitHub\screeps-spore\node_modules\.bin\grunt\package.json
39 verbose targetResolver reading package data from C:\Users\User\Documents\GitHub\screeps-spore\node_modules\.bin\grunt.cmd\package.json
40 verbose targetResolver reading package data from C:\Users\User\Documents\GitHub\screeps-spore\node_modules\.bin\tsc\package.json
41 verbose targetResolver reading package data from C:\Users\User\Documents\GitHub\screeps-spore\node_modules\.bin\tsc.cmd\package.json
42 verbose targetResolver reading package data from C:\Users\User\Documents\GitHub\screeps-spore\node_modules\.bin\tsserver\package.json
43 verbose targetResolver reading package data from C:\Users\User\Documents\GitHub\screeps-spore\node_modules\.bin\tsserver.cmd\package.json
44 verbose targetResolver reading package data from C:\Users\User\Documents\GitHub\screeps-spore\node_modules\.bin\webpack\package.json
45 verbose targetResolver reading package data from C:\Users\User\Documents\GitHub\screeps-spore\node_modules\.bin\webpack-dev-server\package.json
46 verbose targetResolver reading package data from C:\Users\User\Documents\GitHub\screeps-spore\node_modules\.bin\webpack-dev-server.cmd\package.json
47 verbose targetResolver reading package data from C:\Users\User\Documents\GitHub\screeps-spore\node_modules\.bin\webpack.cmd\package.json
48 verbose already installed skipping grunt-webpack@~1.0.16 C:\Users\User\Documents\GitHub\screeps-spore
49 verbose already installed skipping typescript@^1.7.3 C:\Users\User\Documents\GitHub\screeps-spore
50 verbose already installed skipping screeps-typescript-declarations@~4.2.0 C:\Users\User\Documents\GitHub\screeps-spore
51 verbose already installed skipping grunt@~1.0.1 C:\Users\User\Documents\GitHub\screeps-spore
52 verbose already installed skipping grunt-screeps@~1.2.1 C:\Users\User\Documents\GitHub\screeps-spore
53 verbose already installed skipping grunt-ts-clean@~0.2.0 C:\Users\User\Documents\GitHub\screeps-spore
54 verbose already installed skipping grunt-contrib-copy@~1.0.0 C:\Users\User\Documents\GitHub\screeps-spore
55 verbose already installed skipping grunt-browserify@~5.0.0 C:\Users\User\Documents\GitHub\screeps-spore
56 verbose already installed skipping browserify@~13.1.0 C:\Users\User\Documents\GitHub\screeps-spore
57 verbose already installed skipping webpack@~1.13.2 C:\Users\User\Documents\GitHub\screeps-spore
58 silly install resolved []
59 info build C:\Users\User\Documents\GitHub\screeps-spore
60 info linkStuff spore@0.0.1
61 silly linkStuff spore@0.0.1 has C:\Users\User\Documents\GitHub as its parent node_modules
62 verbose linkBins spore@0.0.1
63 verbose linkMans spore@0.0.1
64 verbose rebuildBundles spore@0.0.1
65 verbose rebuildBundles [ '.bin',
65 verbose rebuildBundles   'browserify',
65 verbose rebuildBundles   'grunt',
65 verbose rebuildBundles   'grunt-browserify',
65 verbose rebuildBundles   'grunt-contrib-copy',
65 verbose rebuildBundles   'grunt-screeps',
65 verbose rebuildBundles   'grunt-ts-clean',
65 verbose rebuildBundles   'grunt-webpack',
65 verbose rebuildBundles   'screeps-typescript-declarations',
65 verbose rebuildBundles   'typescript',
65 verbose rebuildBundles   'webpack',
65 verbose rebuildBundles   'webpack-dev-server' ]
66 verbose rebuild bundle C:\Users\User\Documents\GitHub\screeps-spore\node_modules\webpack-dev-server
67 info build C:\Users\User\Documents\GitHub\screeps-spore\node_modules\webpack-dev-server
68 info preinstall webpack-dev-server@1.16.1
69 info linkStuff webpack-dev-server@1.16.1
70 silly linkStuff webpack-dev-server@1.16.1 has C:\Users\User\Documents\GitHub\screeps-spore\node_modules as its parent node_modules
71 verbose linkBins webpack-dev-server@1.16.1
72 verbose link bins [ { 'webpack-dev-server': 'bin/webpack-dev-server.js' },
72 verbose link bins   'C:\\Users\\User\\Documents\\GitHub\\screeps-spore\\node_modules\\.bin',
72 verbose link bins   false ]
73 verbose linkMans webpack-dev-server@1.16.1
74 verbose rebuildBundles webpack-dev-server@1.16.1
75 verbose rebuildBundles [ 'compression',
75 verbose rebuildBundles   'connect-history-api-fallback',
75 verbose rebuildBundles   'express',
75 verbose rebuildBundles   'http-proxy-middleware',
75 verbose rebuildBundles   'open',
75 verbose rebuildBundles   'optimist',
75 verbose rebuildBundles   'serve-index',
75 verbose rebuildBundles   'sockjs',
75 verbose rebuildBundles   'sockjs-client',
75 verbose rebuildBundles   'stream-cache',
75 verbose rebuildBundles   'strip-ansi',
75 verbose rebuildBundles   'supports-color',
75 verbose rebuildBundles   'webpack-dev-middleware' ]
76 info install webpack-dev-server@1.16.1
77 info postinstall webpack-dev-server@1.16.1
78 info install spore@0.0.1
79 info postinstall spore@0.0.1
80 info prepublish spore@0.0.1
81 verbose validateInstall loading C:\Users\User\Documents\GitHub\screeps-spore\package.json for validation
82 verbose stack Error: The package grunt@1.0.1 does not satisfy its siblings' peerDependencies requirements!
82 verbose stack     at C:\Program Files\nodejs\node_modules\npm\lib\install.js:125:32
82 verbose stack     at C:\Program Files\nodejs\node_modules\npm\lib\install.js:268:7
82 verbose stack     at C:\Program Files\nodejs\node_modules\npm\node_modules\read-installed\read-installed.js:142:5
82 verbose stack     at C:\Program Files\nodejs\node_modules\npm\node_modules\read-installed\read-installed.js:263:14
82 verbose stack     at cb (C:\Program Files\nodejs\node_modules\npm\node_modules\slide\lib\async-map.js:47:24)
82 verbose stack     at C:\Program Files\nodejs\node_modules\npm\node_modules\read-installed\read-installed.js:263:14
82 verbose stack     at cb (C:\Program Files\nodejs\node_modules\npm\node_modules\slide\lib\async-map.js:47:24)
82 verbose stack     at C:\Program Files\nodejs\node_modules\npm\node_modules\read-installed\read-installed.js:263:14
82 verbose stack     at cb (C:\Program Files\nodejs\node_modules\npm\node_modules\slide\lib\async-map.js:47:24)
82 verbose stack     at C:\Program Files\nodejs\node_modules\npm\node_modules\read-installed\read-installed.js:263:14
83 verbose cwd C:\Users\User\Documents\GitHub\screeps-spore
84 error Windows_NT 10.0.14393
85 error argv "C:\\Program Files\\nodejs\\node.exe" "C:\\Program Files\\nodejs\\node_modules\\npm\\bin\\npm-cli.js" "install"
86 error node v4.4.7
87 error npm  v2.15.8
88 error code EPEERINVALID
89 error peerinvalid The package grunt@1.0.1 does not satisfy its siblings' peerDependencies requirements!
89 error peerinvalid Peer grunt-ts-clean@0.2.0 wants grunt@~0.4.1
89 error peerinvalid Peer grunt-screeps@1.2.1 wants grunt@>=0.4.0
90 verbose exit [ 1, true ]
